Tiny Paint/Library/Bee/Android/Prj/Mono2x/Gradle/unityLibrary/mobilenotifications.androidlib/build/outputs/mapping/release/seeds.txt
com.unity.androidnotifications.UnityNotificationManager: java.lang.String KEY_ID
com.unity.androidnotifications.UnityNotificationManager: java.lang.String KEY_CHANNEL_ID
com.unity.androidnotifications.UnityNotificationManager: java.lang.String KEY_BIG_PICTURE
com.unity.androidnotifications.UnityNotificationManager: java.lang.String KEY_NOTIFICATION
com.unity.androidnotifications.UnityNotificationManager: java.lang.String KEY_BIG_SUMMARY_TEXT
com.unity.androidnotifications.UnityNotificationManager: java.lang.String KEY_LARGE_ICON
com.unity.androidnotifications.UnityNotificationManager: java.lang.String KEY_BIG_CONTENT_TITLE
com.unity.androidnotifications.UnityNotificationManager: java.lang.String KEY_NOTIFICATION_ID
com.unity.androidnotifications.UnityNotificationManager: java.lang.String KEY_BIG_LARGE_ICON
com.unity.androidnotifications.UnityNotificationManager: java.lang.String KEY_BIG_SHOW_WHEN_COLLAPSED
com.unity.androidnotifications.UnityNotificationManager: java.lang.String KEY_NOTIFICATION_DISMISSED
com.unity.androidnotifications.UnityNotificationManager: java.lang.String KEY_SHOW_IN_FOREGROUND
com.unity.androidnotifications.UnityNotificationManager: java.lang.String KEY_REPEAT_INTERVAL
com.unity.androidnotifications.UnityNotificationManager: java.lang.String KEY_INTENT_DATA
com.unity.androidnotifications.UnityNotificationManager: java.lang.String KEY_SMALL_ICON
com.unity.androidnotifications.UnityNotificationManager: java.lang.String KEY_FIRE_TIME
com.unity3d.player.UnityPlayer: void setScreenBrightness(float)
com.unity3d.player.UnityPlayer: java.lang.String getClipboardText()
com.unity3d.player.UnityPlayer: boolean getHaveAndroidWindowSupport()
com.unity.androidnotifications.UnityNotificationManager: void cancelAllNotifications()
com.unity.androidnotifications.UnityNotificationManager: void deleteNotificationChannel(java.lang.String)
com.unity3d.player.UnityPlayer: void setMainSurfaceViewAspectRatio(float)
com.unity.androidnotifications.UnityNotificationManager: int checkNotificationStatus(int)
com.unity.androidnotifications.UnityNotificationManager: void cancelPendingNotification(int)
com.unity3d.player.UnityPlayer: float getScreenBrightness()
com.unity3d.player.UnityPlayer: android.os.Bundle getSettings()
com.unity3d.player.UnityPlayer: boolean getSplashEnabled()
com.unity.androidnotifications.UnityNotificationManager: android.app.Notification$Builder createNotificationBuilder(java.lang.String)
com.unity3d.player.UnityPlayer: android.view.View getView()
com.unity.androidnotifications.UnityNotificationManager: void onReceive(android.content.Intent)
com.unity.androidnotifications.UnityNotificationManager: void cancelAllPendingNotificationIntents()
com.unity.androidnotifications.UnityNotificationManager: void registerNotificationChannelGroup(java.lang.String,java.lang.String,java.lang.String)
com.unity.androidnotifications.UnityNotificationManager: int getNotificationGroupAlertBehavior(android.app.Notification)
com.unity.androidnotifications.UnityNotificationManager: boolean canScheduleExactAlarms()
com.unity3d.player.UnityPlayer: int getUaaLLaunchProcessType()
com.unity.androidnotifications.UnityNotificationManager: com.unity.androidnotifications.NotificationChannelWrapper getNotificationChannel(java.lang.String)
com.unity3d.player.UnityPlayer: void setHideInputField(boolean)
com.unity.androidnotifications.UnityNotificationManager: java.lang.String getNotificationChannelId(android.app.Notification)
com.unity3d.player.UnityPlayer: void setSoftInputStr(java.lang.String)
com.unity.androidnotifications.UnityNotificationManager: UnityNotificationManager()
com.unity.androidnotifications.UnityNotificationManager: void cancelDisplayedNotification(int)
com.unity.androidnotifications.UnityNotificationManager: boolean checkIfPendingNotificationIsRegistered(int)