Tiny Paint/Library/Bee/Android/Prj/Mono2x/Gradle/unityLibrary/mobilenotifications.androidlib/build/outputs/mapping/release/usage.txt
com.google.androidgamesdk.ChoreographerCallback$a
com.google.androidgamesdk.ChoreographerCallback$b
com.google.androidgamesdk.ChoreographerCallback
com.google.androidgamesdk.SwappyDisplayManager$a
com.google.androidgamesdk.SwappyDisplayManager$b
com.google.androidgamesdk.SwappyDisplayManager
com.unity.androidnotifications.BuildConfig
com.unity.androidnotifications.UnityNotificationBackgroundThread:
    private static final int TASKS_FOR_HOUSEKEEPING
com.unity.androidnotifications.UnityNotificationManager:
    static final java.lang.String NOTIFICATION_CHANNELS_SHARED_PREFS
    static final java.lang.String NOTIFICATION_CHANNELS_SHARED_PREFS_KEY
    static final java.lang.String NOTIFICATION_IDS_SHARED_PREFS
    static final java.lang.String NOTIFICATION_IDS_SHARED_PREFS_KEY
    private static final int PERMISSION_STATUS_ALLOWED
    private static final int PERMISSION_STATUS_DENIED
    private static final int PERMISSION_STATUS_NOTIFICATIONS_BLOCKED_FOR_APP
    static final java.lang.String TAG_UNITY
com.unity.androidnotifications.UnityNotificationRestartReceiver:
    private static final long EXPIRATION_TRESHOLD
com.unity.androidnotifications.UnityNotificationUtilities:
    private static final int INTENT_SERIALIZATION_VERSION
    private static final int NOTIFICATION_SERIALIZATION_VERSION
    static final java.lang.String SAVED_NOTIFICATION_FALLBACK_KEY
    static final java.lang.String SAVED_NOTIFICATION_PRIMARY_KEY
com.unity3d.player.A
com.unity3d.player.AudioVolumeHandler
com.unity3d.player.B:
    private android.content.Context a
    private com.unity3d.player.UnityPlayer b
    private boolean c
    public boolean d
    public void <init>(android.content.Context,com.unity3d.player.UnityPlayer,java.lang.String,int,boolean,boolean,boolean,boolean,java.lang.String,int,boolean,boolean)
    public void a(int,int)
    private void a(android.widget.EditText,java.lang.String,int,boolean,boolean,boolean,java.lang.String,int)
    private void a(java.lang.String,boolean)
    public void afterTextChanged(android.text.Editable)
    private java.lang.String b()
    public void beforeTextChanged(java.lang.CharSequence,int,int,int)
    protected android.view.View createSoftInputView()
    public boolean dispatchTouchEvent(android.view.MotionEvent)
    public void onBackPressed()
    public void onClick(android.view.View)
    public void onTextChanged(java.lang.CharSequence,int,int,int)
com.unity3d.player.C$a
com.unity3d.player.C
com.unity3d.player.Camera2Wrapper
com.unity3d.player.D
com.unity3d.player.E
com.unity3d.player.F
com.unity3d.player.G:
    static void a(java.lang.String)
com.unity3d.player.GoogleARCoreApi
com.unity3d.player.H
com.unity3d.player.HFPStatus$1
com.unity3d.player.HFPStatus$a
com.unity3d.player.HFPStatus
com.unity3d.player.I:
    private com.unity3d.player.a a
    private com.unity3d.player.UnityPlayer b
    private com.unity3d.player.w c
    public void <init>(android.content.Context,com.unity3d.player.UnityPlayer)
    private java.lang.String a(android.content.Context)
    private boolean a()
    public void b()
com.unity3d.player.IAssetPackManagerDownloadStatusCallback
com.unity3d.player.IAssetPackManagerMobileDataConfirmationCallback
com.unity3d.player.IAssetPackManagerStatusQueryCallback
com.unity3d.player.IPermissionRequestCallbacks
com.unity3d.player.IUnityPlayerLifecycleEvents
com.unity3d.player.J:
    private boolean a
    private boolean b
    private boolean c
    private boolean d
    void <init>()
    boolean a()
    boolean a(boolean)
    void b(boolean)
    boolean b()
    void c(boolean)
    boolean c()
    void d(boolean)
    static void e()
    void e(boolean)
    static void f()
    public java.lang.String toString()
com.unity3d.player.K
com.unity3d.player.L
com.unity3d.player.M
com.unity3d.player.MultiWindowSupport
com.unity3d.player.N
com.unity3d.player.NativeLoader
com.unity3d.player.NetworkConnectivity:
    public void a()
com.unity3d.player.NetworkConnectivityNougat:
    public void a()